{"level":"info","message":"\nSIGTERM received. Starting graceful shutdown...","timestamp":"2026-02-25 01:40:11"}
{"level":"info","message":"HTTP server closed.","timestamp":"2026-02-25 01:40:11"}
{"level":"info","message":"🚀 OpenAPI Server running on port 4001 in undefined mode","timestamp":"2026-02-25 01:40:15"}
{"level":"debug","message":"PostgreSQL: New connection established","timestamp":"2026-02-25 01:40:15"}
{"level":"debug","message":"PostgreSQL: New connection established","timestamp":"2026-02-25 01:40:15"}
{"level":"info","message":"PostgreSQL: Connection pool initialized (scripthub @ postgres:5432)","timestamp":"2026-02-25 01:40:15"}
{"level":"info","message":"PostgreSQL Connection: ✅ UP","timestamp":"2026-02-25 01:40:15"}
{"level":"info","message":"Redis Connection: ✅ UP","timestamp":"2026-02-25 01:40:15"}
{"level":"info","message":"::ffff:172.18.0.1 - - [25/Feb/2026:01:40:38 +0000] \"POST /api/v2/keys/validate HTTP/1.1\" 401 52 \"-\" \"Mozilla/5.0 (Windows NT; Windows NT 10.0; en-US) WindowsPowerShell/5.1.26100.7705\"","timestamp":"2026-02-25 01:40:38"}
{"level":"debug","message":"PostgreSQL: Connection removed from pool","timestamp":"2026-02-25 01:40:45"}
{"level":"debug","message":"PostgreSQL: Connection removed from pool","timestamp":"2026-02-25 01:41:08"}
{"level":"debug","message":"PostgreSQL: New connection established","timestamp":"2026-02-25 01:42:04"}
{"level":"info","message":"Key validation: \"SH-ide2716...\" → VALID","timestamp":"2026-02-25 01:42:04"}
{"level":"info","message":"::ffff:172.18.0.1 - - [25/Feb/2026:01:42:04 +0000] \"POST /api/v2/keys/validate HTTP/1.1\" 200 209 \"-\" \"Mozilla/5.0 (Windows NT; Windows NT 10.0; en-US) WindowsPowerShell/5.1.26100.7705\"","timestamp":"2026-02-25 01:42:04"}
{"level":"debug","message":"PostgreSQL: Connection removed from pool","timestamp":"2026-02-25 01:42:34"}
{"level":"debug","message":"PostgreSQL: New connection established","timestamp":"2026-02-25 01:43:27"}
{"level":"info","message":"Key validation: \"SH-ide2716...\" → VALID","timestamp":"2026-02-25 01:43:27"}
{"level":"info","message":"::ffff:172.18.0.1 - - [25/Feb/2026:01:43:27 +0000] \"POST /api/v2/keys/validate HTTP/1.1\" 200 209 \"-\" \"Mozilla/5.0 (Windows NT; Windows NT 10.0; en-US) WindowsPowerShell/5.1.26100.7705\"","timestamp":"2026-02-25 01:43:27"}
{"level":"debug","message":"PostgreSQL: Connection removed from pool","timestamp":"2026-02-25 01:43:57"}
{"level":"debug","message":"PostgreSQL: New connection established","timestamp":"2026-02-25 01:43:58"}
{"level":"info","message":"Key validation: \"SH-ide2716...\" → INVALID","timestamp":"2026-02-25 01:43:58"}
{"level":"info","message":"::ffff:172.18.0.1 - - [25/Feb/2026:01:43:58 +0000] \"POST /api/v2/keys/validate HTTP/1.1\" 403 111 \"-\" \"Mozilla/5.0 (Windows NT; Windows NT 10.0; en-US) WindowsPowerShell/5.1.26100.7705\"","timestamp":"2026-02-25 01:43:58"}
{"level":"debug","message":"PostgreSQL: Connection removed from pool","timestamp":"2026-02-25 01:44:28"}
{"level":"debug","message":"PostgreSQL: New connection established","timestamp":"2026-02-25 01:45:43"}
{"level":"info","message":"Key validation: \"SH-ide2716...\" → INVALID","timestamp":"2026-02-25 01:45:43"}
{"level":"info","message":"::ffff:172.18.0.1 - - [25/Feb/2026:01:45:43 +0000] \"POST /api/v2/keys/validate HTTP/1.1\" 403 78 \"-\" \"Mozilla/5.0 (Windows NT; Windows NT 10.0; en-US) WindowsPowerShell/5.1.26100.7705\"","timestamp":"2026-02-25 01:45:43"}
{"level":"debug","message":"PostgreSQL: Connection removed from pool","timestamp":"2026-02-25 01:46:13"}
{"level":"debug","message":"PostgreSQL: New connection established","timestamp":"2026-02-25 01:46:50"}
{"level":"info","message":"Key validation: \"SH-id7895d...\" → VALID","timestamp":"2026-02-25 01:46:50"}
{"level":"info","message":"::ffff:172.18.0.1 - - [25/Feb/2026:01:46:50 +0000] \"POST /api/v2/keys/validate HTTP/1.1\" 200 223 \"-\" \"Mozilla/5.0 (Windows NT; Windows NT 10.0; en-US) WindowsPowerShell/5.1.26100.7705\"","timestamp":"2026-02-25 01:46:50"}
{"level":"debug","message":"PostgreSQL: Connection removed from pool","timestamp":"2026-02-25 01:47:20"}
{"level":"info","message":"\nSIGTERM received. Starting graceful shutdown...","timestamp":"2026-02-25 11:48:16"}
{"level":"info","message":"HTTP server closed.","timestamp":"2026-02-25 11:48:16"}
